2024-05-21T05:27:00.386Z [error]: Error generating or logging report: Book is not associated to Author!
2024-05-21T05:28:00.791Z [error]: Error generating or logging report: Book is not associated to Author!
2024-05-21T05:29:00.125Z [error]: Error generating or logging report: Book is not associated to Author!
2024-05-21T05:30:00.578Z [error]: Error generating or logging report: Book is not associated to Author!
2024-05-21T05:31:00.871Z [error]: Error generating or logging report: Book is not associated to Author!
2024-05-21T05:32:00.366Z [error]: Error generating or logging report: Book is not associated to Author!
2024-05-21T05:33:00.699Z [error]: Error generating or logging report: Book is not associated to Author!
2024-05-21T05:34:00.034Z [error]: Error generating or logging report: Book is not associated to Author!
2024-05-21T05:35:00.394Z [error]: Error generating or logging report: Book is not associated to Author!
2024-05-21T05:36:00.785Z [error]: Error generating or logging report: Book is not associated to Author!
2024-05-21T05:37:00.520Z [error]: Error generating or logging report: BookLike is not associated to Book!
2024-05-21T05:38:00.909Z [error]: Error generating or logging report: BookLike is not associated to Book!
2024-05-21T05:39:00.166Z [error]: Error generating or logging report: BookLike is not associated to Book!
2024-05-21T05:40:00.465Z [error]: Error generating or logging report: BookLike is not associated to Book!
2024-05-21T05:41:00.815Z [error]: Error generating or logging report: BookLike is not associated to Book!
2024-05-21T05:42:00.205Z [error]: Error generating or logging report: BookLike is not associated to Book!
2024-05-21T05:44:00.458Z [error]: Error generating or logging report: Unknown column 'Books.AuthorId' in 'field list'
2024-05-21T05:45:00.783Z [error]: Error generating or logging report: Unknown column 'Books.AuthorId' in 'field list'
2024-05-21T05:46:00.176Z [error]: Error generating or logging report: Unknown column 'Books.AuthorId' in 'field list'
2024-05-21T05:47:00.543Z [error]: Error generating or logging report: Unknown column 'Books.AuthorId' in 'field list'
2024-05-21T05:48:00.807Z [error]: Error generating or logging report: Unknown column 'Books.AuthourId' in 'field list'
2024-05-21T05:49:00.103Z [error]: Error generating or logging report: Unknown column 'Books.AuthourId' in 'field list'
2024-05-21T05:50:00.087Z [error]: Error generating or logging report: Unknown column 'Books.AuthorId' in 'field list'
2024-05-21T05:51:00.367Z [error]: Error generating or logging report: Unknown column 'Books.AuthorId' in 'field list'
2024-05-21T05:52:00.746Z [error]: Error generating or logging report: Unknown column 'Books.AuthorId' in 'field list'
2024-05-21T05:53:00.078Z [error]: Error generating or logging report: Table 'user_booking.authors' doesn't exist
2024-05-21T05:54:00.374Z [error]: Error generating or logging report: Table 'user_booking.authors' doesn't exist
2024-05-21T05:55:00.702Z [error]: Error generating or logging report: Table 'user_booking.booklikes' doesn't exist
2024-05-21T05:56:00.816Z [error]: Error generating or logging report: Table 'user_booking.booklikes' doesn't exist
2024-05-21T05:57:00.735Z [info]: Author Like Count Report:

2024-05-21T05:58:00.768Z [info]: Author Like Count Report:

2024-05-21T05:59:00.164Z [error]: Error generating or logging report: Cannot read properties of undefined (reading 'reduce')
2024-05-21T06:00:00.649Z [error]: Error generating or logging report: Cannot read properties of undefined (reading 'reduce')
2024-05-21T06:01:00.022Z [error]: Error generating or logging report: Cannot read properties of undefined (reading 'reduce')
2024-05-21T06:05:00.763Z [error]: Error generating or logging report: Cannot read properties of undefined (reading 'reduce')
2024-05-21T06:06:00.422Z [error]: Error generating or logging report: Cannot read properties of undefined (reading 'reduce')
2024-05-21T06:07:00.332Z [error]: Error generating or logging report: Cannot read properties of undefined (reading 'reduce')
2024-05-21T06:08:00.135Z [error]: Error generating or logging report: Cannot read properties of undefined (reading 'reduce')
2024-05-21T06:09:00.502Z [error]: Error generating or logging report: Cannot read properties of undefined (reading 'reduce')
2024-05-21T06:10:00.892Z [error]: Error generating or logging report: Cannot read properties of undefined (reading 'reduce')
2024-05-21T06:11:00.257Z [error]: Error generating or logging report: Cannot read properties of undefined (reading 'reduce')
2024-05-21T06:12:00.689Z [error]: Error generating or logging report: Cannot read properties of undefined (reading 'reduce')
2024-05-21T06:13:00.994Z [error]: Error generating or logging report: Cannot read properties of undefined (reading 'reduce')
2024-05-21T06:14:00.638Z [error]: Error generating or logging report: Cannot read properties of undefined (reading 'reduce')
2024-05-21T06:15:01.005Z [error]: Error generating or logging report: Cannot read properties of undefined (reading 'reduce')
2024-05-21T06:16:00.312Z [error]: Error generating or logging report: Cannot read properties of undefined (reading 'reduce')
2024-05-21T06:17:00.727Z [error]: Error generating or logging report: Cannot read properties of undefined (reading 'reduce')
2024-05-21T06:18:00.039Z [error]: Error generating or logging report: Cannot read properties of undefined (reading 'reduce')
2024-05-21T06:19:00.459Z [error]: Error generating or logging report: Cannot read properties of undefined (reading 'reduce')
2024-05-21T06:20:00.862Z [error]: Error generating or logging report: Cannot read properties of undefined (reading 'reduce')
2024-05-21T06:21:01.915Z [error]: Error generating or logging report: Cannot read properties of undefined (reading 'reduce')
2024-05-21T06:22:02.069Z [error]: Error generating or logging report: Cannot read properties of undefined (reading 'reduce')
2024-05-21T06:23:07.293Z [error]: Error generating or logging report: Cannot read properties of undefined (reading 'reduce')
2024-05-21T06:24:00.447Z [error]: Error generating or logging report: Cannot read properties of undefined (reading 'reduce')
2024-05-21T06:25:00.276Z [error]: Error generating or logging report: Cannot read properties of undefined (reading 'reduce')
2024-05-21T06:26:00.790Z [error]: Error generating or logging report: Cannot read properties of undefined (reading 'reduce')
2024-05-21T06:27:00.281Z [error]: Error generating or logging report: Cannot read properties of undefined (reading 'reduce')
2024-05-21T06:28:00.753Z [error]: Error generating or logging report: Cannot read properties of undefined (reading 'reduce')
2024-05-21T06:29:00.192Z [error]: Error generating or logging report: Cannot read properties of undefined (reading 'reduce')
2024-05-21T06:30:00.582Z [error]: Error generating or logging report: Cannot read properties of undefined (reading 'reduce')
2024-05-21T06:31:00.048Z [error]: Error generating or logging report: Cannot read properties of undefined (reading 'reduce')
2024-05-21T06:32:00.586Z [error]: Error generating or logging report: Cannot read properties of undefined (reading 'reduce')
2024-05-21T06:33:00.052Z [error]: Error generating or logging report: Cannot read properties of undefined (reading 'reduce')
2024-05-21T06:34:00.512Z [error]: Error generating or logging report: Cannot read properties of undefined (reading 'reduce')
2024-05-21T06:35:00.986Z [error]: Error generating or logging report: Cannot read properties of undefined (reading 'reduce')
2024-05-21T06:36:00.433Z [error]: Error generating or logging report: Cannot read properties of undefined (reading 'reduce')
2024-05-21T06:37:00.878Z [error]: Error generating or logging report: Cannot read properties of undefined (reading 'reduce')
2024-05-21T06:38:00.408Z [error]: Error generating or logging report: Cannot read properties of undefined (reading 'reduce')
2024-05-21T06:39:00.899Z [error]: Error generating or logging report: Cannot read properties of undefined (reading 'reduce')
2024-05-21T06:40:00.387Z [error]: Error generating or logging report: Cannot read properties of undefined (reading 'reduce')
2024-05-21T06:41:00.906Z [error]: Error generating or logging report: Cannot read properties of undefined (reading 'reduce')
2024-05-21T06:43:00.483Z [error]: Error generating or logging report: re is not defined
2024-05-21T06:44:00.139Z [info]: Author Like Count Report:

2024-05-21T06:45:00.515Z [info]: Author Like Count Report:

2024-05-21T06:46:00.955Z [info]: Author Like Count Report:

2024-05-21T06:48:00.688Z [info]: Author Like Count Report:

2024-05-21T06:49:00.142Z [info]: Author Like Count Report:

2024-05-21T06:50:00.660Z [info]: Author Like Count Report:

2024-05-21T06:51:00.101Z [info]: Author Like Count Report:

2024-05-21T06:52:00.549Z [info]: Author Like Count Report:

2024-05-21T06:54:00.489Z [info]: Author Like Count Report:

2024-05-21T06:55:00.986Z [info]: Author Like Count Report:

2024-05-21T06:56:00.387Z [info]: Author Like Count Report:

2024-05-21T06:57:00.871Z [info]: Author Like Count Report:

2024-05-21T06:58:00.335Z [info]: Author Like Count Report:

2024-05-21T06:59:00.777Z [info]: Author Like Count Report:

2024-05-21T07:00:00.190Z [info]: Author Like Count Report:

2024-05-21T07:01:00.697Z [info]: Author Like Count Report:

2024-05-21T07:02:00.194Z [info]: Author Like Count Report:

2024-05-21T07:03:00.618Z [info]: Author Like Count Report:

2024-05-21T07:04:01.009Z [info]: Author Like Count Report:

2024-05-21T07:05:00.391Z [info]: Author Like Count Report:

2024-05-21T07:06:00.795Z [info]: Author Like Count Report:

2024-05-21T07:07:00.182Z [info]: Author Like Count Report:

2024-05-21T07:08:00.537Z [info]: Author Like Count Report:

2024-05-21T07:09:00.756Z [info]: Author Like Count Report:

2024-05-21T07:10:00.045Z [info]: Author Like Count Report:

2024-05-21T07:11:00.250Z [info]: Author Like Count Report:

2024-05-21T07:12:00.604Z [info]: Author Like Count Report:

2024-05-21T07:13:01.011Z [info]: Author Like Count Report:

2024-05-21T07:14:00.437Z [info]: Author Like Count Report:

2024-05-21T07:15:00.858Z [info]: Author Like Count Report:

2024-05-21T07:16:00.132Z [info]: Author Like Count Report:

2024-05-21T07:17:00.360Z [info]: Author Like Count Report:

2024-05-21T07:18:00.562Z [info]: Author Like Count Report:

2024-05-21T07:19:00.887Z [info]: Author Like Count Report:

2024-05-21T07:20:00.322Z [info]: Author Like Count Report:

2024-05-21T07:21:00.770Z [info]: Author Like Count Report:

2024-05-21T07:22:00.121Z [info]: Author Like Count Report:

2024-05-21T07:23:00.368Z [info]: Author Like Count Report:

2024-05-21T07:24:00.655Z [info]: Author Like Count Report:

2024-05-21T08:11:00.694Z [info]: Author Like Count Report:

2024-05-21T08:12:00.234Z [info]: Author Like Count Report:

2024-05-21T08:14:00.354Z [info]: Author Like Count Report:

2024-05-21T08:19:00.922Z [info]: Author Like Count Report:

2024-05-21T08:23:00.140Z [info]: Author Like Count Report:

2024-05-21T08:24:00.797Z [info]: Author Like Count Report:

2024-05-21T08:25:00.343Z [info]: Author Like Count Report:

2024-05-21T08:26:00.815Z [info]: Author Like Count Report:

2024-05-21T08:27:00.300Z [info]: Author Like Count Report:

2024-05-21T08:28:00.862Z [info]: Author Like Count Report:

2024-05-21T08:29:00.685Z [error]: Error generating or logging report: Unknown column 'Author.likeCount' in 'field list'
2024-05-21T08:30:00.260Z [error]: Error generating or logging report: Unknown column 'Author.likeCount' in 'field list'
2024-05-21T08:31:00.774Z [error]: Error generating or logging report: Unknown column 'Author.likeCount' in 'field list'
2024-05-21T08:32:00.297Z [error]: Error generating or logging report: Unknown column 'Author.likeCount' in 'field list'
2024-05-21T08:33:00.722Z [error]: Error generating or logging report: Unknown column 'Author.likeCount' in 'field list'
2024-05-21T08:34:00.125Z [error]: Error generating or logging report: Unknown column 'Author.likeCount' in 'field list'
2024-05-21T08:35:00.630Z [error]: Error generating or logging report: Unknown column 'Author.likeCount' in 'field list'
2024-05-21T08:36:00.083Z [error]: Error generating or logging report: Unknown column 'Author.likeCount' in 'field list'
2024-05-21T08:37:00.573Z [error]: Error generating or logging report: Unknown column 'Author.likeCount' in 'field list'
2024-05-21T08:38:00.039Z [error]: Error generating or logging report: Unknown column 'Author.likeCount' in 'field list'
2024-05-21T08:39:00.615Z [error]: Error generating or logging report: Unknown column 'Author.likeCount' in 'field list'
2024-05-21T08:40:00.063Z [error]: Error generating or logging report: Unknown column 'Author.likeCount' in 'field list'
2024-05-21T08:41:00.510Z [error]: Error generating or logging report: Unknown column 'Author.likeCount' in 'field list'
2024-05-21T08:42:00.992Z [error]: Error generating or logging report: Unknown column 'Author.likeCount' in 'field list'
2024-05-21T08:43:00.335Z [info]: Author Like Count Report:

2024-05-21T08:44:00.796Z [info]: Author Like Count Report:

2024-05-21T08:45:00.247Z [info]: Author Like Count Report:

2024-05-21T08:46:00.714Z [info]: Author Like Count Report:

2024-05-21T08:47:00.237Z [info]: Author Like Count Report:

2024-05-21T08:48:00.743Z [info]: Author Like Count Report:

2024-05-21T08:49:00.250Z [info]: Author Like Count Report:

2024-05-21T08:50:00.773Z [info]: Author Like Count Report:

2024-05-21T08:51:00.207Z [info]: Author Like Count Report:

2024-05-21T08:52:00.647Z [info]: Author Like Count Report:

2024-05-21T08:54:00.507Z [info]: Author Like Count Report:

2024-05-21T08:55:01.000Z [info]: Author Like Count Report:

2024-05-21T08:57:00.830Z [info]: Author Like Count Report:

2024-05-21T08:58:00.102Z [info]: Author Like Count Report:

2024-05-21T08:59:00.875Z [info]: Author Like Count Report:

2024-05-21T09:00:00.597Z [info]: Author Like Count Report:

2024-05-21T09:01:00.132Z [info]: Author Like Count Report:

2024-05-21T09:02:00.497Z [info]: Author Like Count Report:

2024-05-21T09:03:00.531Z [info]: Author Like Count Report:

2024-05-21T09:04:01.007Z [info]: Author Like Count Report:

2024-05-21T09:05:00.560Z [info]: Author Like Count Report:

2024-05-21T09:06:00.463Z [info]: Author Like Count Report:

2024-05-21T09:07:00.926Z [info]: Author Like Count Report:

2024-05-21T09:08:00.347Z [info]: Author Like Count Report:

2024-05-21T09:09:01.009Z [info]: Author Like Count Report:

2024-05-21T09:10:00.436Z [info]: Author Like Count Report:
,
2024-05-21T09:11:00.900Z [info]: Author Like Count Report:
,
2024-05-21T09:12:00.339Z [info]: Author Like Count Report:
,
2024-05-21T09:13:00.841Z [info]: Author Like Count Report:
,
2024-05-21T09:14:00.538Z [info]: Author Like Count Report:
,
2024-05-21T09:15:00.055Z [info]: Author Like Count Report:
,
2024-05-21T09:16:00.530Z [info]: Author Like Count Report:
,
2024-05-21T09:17:00.603Z [error]: Error generating or logging report: Cannot read properties of undefined (reading 'reduce')
2024-05-21T09:18:00.141Z [error]: Error generating or logging report: Cannot read properties of undefined (reading 'reduce')
2024-05-21T09:19:00.621Z [error]: Error generating or logging report: Cannot read properties of undefined (reading 'reduce')
2024-05-21T09:20:00.176Z [error]: Error generating or logging report: Cannot read properties of undefined (reading 'reduce')
2024-05-21T09:21:00.708Z [error]: Error generating or logging report: Cannot read properties of undefined (reading 'reduce')
2024-05-21T09:22:00.272Z [error]: Error generating or logging report: Cannot read properties of undefined (reading 'reduce')
2024-05-21T09:23:00.345Z [error]: Error generating or logging report: Cannot read properties of undefined (reading 'reduce')
2024-05-21T09:25:00.280Z [error]: Error generating or logging report: Cannot read properties of undefined (reading 'reduce')
2024-05-21T09:26:00.379Z [error]: Error generating or logging report: Cannot read properties of undefined (reading 'reduce')
2024-05-21T09:30:00.370Z [error]: Error generating or logging report: Cannot read properties of undefined (reading 'reduce')
2024-05-21T09:31:00.788Z [error]: Error generating or logging report: Cannot read properties of undefined (reading 'reduce')
2024-05-21T09:32:00.355Z [error]: Error generating or logging report: Book is not associated to Book!
2024-05-21T09:33:00.170Z [error]: Error generating or logging report: author.Book.reduce is not a function
2024-05-21T09:34:00.528Z [error]: Error generating or logging report: author.Book.reduce is not a function
2024-05-21T09:36:00.590Z [error]: Error generating or logging report: authors.map is not a function
2024-05-21T09:37:00.675Z [error]: Error generating or logging report: Cannot read properties of undefined (reading 'reduce')
2024-05-21T09:50:00.332Z [error]: Error generating or logging report: sequelize is not defined
2024-05-21T09:51:00.356Z [error]: Error generating or logging report: sequelize is not defined
2024-05-21T09:52:00.432Z [error]: Error generating or logging report: Cannot read properties of undefined (reading 'AuthorId')
2024-05-21T09:53:00.935Z [error]: Error generating or logging report: Cannot read properties of undefined (reading 'AuthorId')
2024-05-21T09:54:00.673Z [error]: Error generating or logging report: Cannot read properties of undefined (reading 'AuthorId')
2024-05-21T09:55:00.143Z [error]: Error generating or logging report: Cannot read properties of undefined (reading 'AuthorId')
2024-05-21T09:56:00.628Z [error]: Error generating or logging report: Cannot read properties of undefined (reading 'AuthorId')
2024-05-21T09:57:00.136Z [error]: Error generating or logging report: Cannot read properties of undefined (reading 'AuthorId')
2024-05-21T09:58:00.662Z [error]: Error generating or logging report: Cannot read properties of undefined (reading 'AuthorId')
2024-05-21T09:59:00.164Z [error]: Error generating or logging report: Cannot read properties of undefined (reading 'AuthorId')
2024-05-21T10:00:00.570Z [error]: Error generating or logging report: Cannot read properties of undefined (reading 'AuthorId')
2024-05-21T10:01:00.041Z [error]: Error generating or logging report: Cannot read properties of undefined (reading 'AuthorId')
2024-05-21T10:02:00.153Z [error]: Error generating or logging report: Cannot read properties of undefined (reading 'AuthorId')
2024-05-21T10:03:00.708Z [error]: Error generating or logging report: Cannot read properties of undefined (reading 'AuthorId')
2024-05-21T10:04:00.124Z [error]: Error generating or logging report: Cannot read properties of undefined (reading 'AuthorId')
2024-05-21T10:05:00.629Z [error]: Error generating or logging report: Cannot read properties of undefined (reading 'AuthorId')
2024-05-21T10:06:00.131Z [error]: Error generating or logging report: Cannot read properties of undefined (reading 'AuthorId')
2024-05-21T10:07:00.551Z [error]: Error generating or logging report: Cannot read properties of undefined (reading 'AuthorId')
2024-05-21T10:08:00.062Z [error]: Error generating or logging report: author.get is not a function
2024-05-21T10:09:00.788Z [info]: Author Like Count Report:
Author ID: 1, Author Name: Kamal Perera, Likes: 5
Author ID: 2, Author Name: Saman Perera, Likes: 3
2024-05-21T10:10:00.262Z [info]: Author Like Count Report:
Author ID: 1, Author Name: Kamal Perera, Likes: 5
Author ID: 2, Author Name: Saman Perera, Likes: 3
2024-05-21T10:11:00.782Z [info]: Author Like Count Report:
Author ID: 1, Author Name: Kamal Perera, Likes: 5
Author ID: 2, Author Name: Saman Perera, Likes: 3
2024-05-21T10:12:00.299Z [info]: Author Like Count Report:
Author ID: 1, Author Name: Kamal Perera, Likes: 5
Author ID: 2, Author Name: Saman Perera, Likes: 3
2024-05-21T10:13:00.779Z [info]: Author Like Count Report:
Author ID: 1, Author Name: Kamal Perera, Likes: 5
Author ID: 2, Author Name: Saman Perera, Likes: 3
2024-05-21T10:14:00.249Z [info]: Author Like Count Report:
Author ID: 1, Author Name: Kamal Perera, Likes: 5
Author ID: 2, Author Name: Saman Perera, Likes: 3
2024-05-21T10:15:00.731Z [info]: Author Like Count Report:
Author ID: 1, Author Name: Kamal Perera, Likes: 5
Author ID: 2, Author Name: Saman Perera, Likes: 3
2024-05-21T10:16:00.225Z [info]: Author Like Count Report:
Author ID: 1, Author Name: Kamal Perera, Likes: 5
Author ID: 2, Author Name: Saman Perera, Likes: 3
2024-05-21T10:17:00.746Z [info]: Author Like Count Report:
Author ID: 1, Author Name: Kamal Perera, Likes: 5
Author ID: 2, Author Name: Saman Perera, Likes: 3
2024-05-21T10:18:00.175Z [info]: Author Like Count Report:
Author ID: 1, Author Name: Kamal Perera, Likes: 5
Author ID: 2, Author Name: Saman Perera, Likes: 3
2024-05-21T10:19:00.709Z [info]: Author Like Count Report:
Author ID: 1, Author Name: Kamal Perera, Likes: 5
Author ID: 2, Author Name: Saman Perera, Likes: 3
2024-05-21T10:20:00.539Z [info]: Author Like Count Report:
Author ID: 1, Author Name: Kamal Perera, Likes: 5
Author ID: 2, Author Name: Saman Perera, Likes: 3
2024-05-21T10:21:00.766Z [info]: Author Like Count Report:
Author ID: 1, Author Name: Kamal Perera, Likes: 5
Author ID: 2, Author Name: Saman Perera, Likes: 3
2024-05-21T10:22:01.036Z [info]: Author Like Count Report:
Author ID: 1, Author Name: Kamal Perera, Likes: 5
Author ID: 2, Author Name: Saman Perera, Likes: 3
2024-05-21T10:23:00.801Z [info]: Author Like Count Report:
Author ID: 1, Author Name: Kamal Perera, Likes: 5
Author ID: 2, Author Name: Saman Perera, Likes: 3
2024-05-21T10:24:00.105Z [info]: Author Like Count Report:
Author ID: 1, Author Name: Kamal Perera, Likes: 5
Author ID: 2, Author Name: Saman Perera, Likes: 3
2024-05-21T10:25:00.517Z [info]: Author Like Count Report:
Author ID: 1, Author Name: Kamal Perera, Likes: 5
Author ID: 2, Author Name: Saman Perera, Likes: 3
2024-05-21T10:26:00.987Z [info]: Author Like Count Report:
Author ID: 1, Author Name: Kamal Perera, Likes: 5
Author ID: 2, Author Name: Saman Perera, Likes: 3
2024-05-21T10:27:00.148Z [info]: Author Like Count Report:
Author ID: 1, Author Name: Kamal Perera, Likes: 5
Author ID: 2, Author Name: Saman Perera, Likes: 3
2024-05-21T10:28:00.219Z [info]: Author Like Count Report:
Author ID: 1, Author Name: Kamal Perera, Likes: 5
Author ID: 2, Author Name: Saman Perera, Likes: 3
2024-05-21T10:29:00.608Z [info]: Author Like Count Report:
Author ID: 1, Author Name: Kamal Perera, Likes: 5
Author ID: 2, Author Name: Saman Perera, Likes: 3
2024-05-21T10:30:00.050Z [info]: Author Like Count Report:
Author ID: 1, Author Name: Kamal Perera, Likes: 5
Author ID: 2, Author Name: Saman Perera, Likes: 3
2024-05-21T10:31:00.726Z [info]: Author Like Count Report:
Author ID: 1, Author Name: Kamal Perera, Likes: 5
Author ID: 2, Author Name: Saman Perera, Likes: 3
2024-05-21T10:32:00.206Z [info]: Author Like Count Report:
Author ID: 1, Author Name: Kamal Perera, Likes: 5
Author ID: 2, Author Name: Saman Perera, Likes: 3
2024-05-21T10:33:00.705Z [info]: Author Like Count Report:
Author ID: 1, Author Name: Kamal Perera, Likes: 5
Author ID: 2, Author Name: Saman Perera, Likes: 3
2024-05-21T10:34:00.136Z [info]: Author Like Count Report:
Author ID: 1, Author Name: Kamal Perera, Likes: 5
Author ID: 2, Author Name: Saman Perera, Likes: 3
2024-05-21T10:35:00.625Z [info]: Author Like Count Report:
Author ID: 1, Author Name: Kamal Perera, Likes: 5
Author ID: 2, Author Name: Saman Perera, Likes: 3
2024-05-21T10:36:00.120Z [info]: Author Like Count Report:
Author ID: 1, Author Name: Kamal Perera, Likes: 5
Author ID: 2, Author Name: Saman Perera, Likes: 3
2024-05-21T10:37:00.588Z [info]: Author Like Count Report:
Author ID: 1, Author Name: Kamal Perera, Likes: 5
Author ID: 2, Author Name: Saman Perera, Likes: 3
2024-05-21T10:38:00.106Z [info]: Author Like Count Report:
Author ID: 1, Author Name: Kamal Perera, Likes: 5
Author ID: 2, Author Name: Saman Perera, Likes: 3
2024-05-21T10:39:00.585Z [info]: Author Like Count Report:
Author ID: 1, Author Name: Kamal Perera, Likes: 5
Author ID: 2, Author Name: Saman Perera, Likes: 3
2024-05-21T10:41:00.524Z [info]: Author Like Count Report:
Author ID: 1, Author Name: Kamal Perera, Likes: 5
Author ID: 2, Author Name: Saman Perera, Likes: 3
2024-05-21T10:42:00.952Z [info]: Author Like Count Report:
Author ID: 1, Author Name: Kamal Perera, Likes: 5
Author ID: 2, Author Name: Saman Perera, Likes: 3
2024-05-21T10:43:00.417Z [info]: Author Like Count Report:
Author ID: 1, Author Name: Kamal Perera, Likes: 5
Author ID: 2, Author Name: Saman Perera, Likes: 3
2024-05-21T10:44:00.901Z [info]: Author Like Count Report:
Author ID: 1, Author Name: Kamal Perera, Likes: 5
Author ID: 2, Author Name: Saman Perera, Likes: 3
2024-05-21T10:45:00.352Z [info]: Author Like Count Report:
Author ID: 1, Author Name: Kamal Perera, Likes: 5
Author ID: 2, Author Name: Saman Perera, Likes: 3
2024-05-21T10:46:00.801Z [info]: Author Like Count Report:
Author ID: 1, Author Name: Kamal Perera, Likes: 5
Author ID: 2, Author Name: Saman Perera, Likes: 3
2024-05-21T10:47:00.227Z [info]: Author Like Count Report:
Author ID: 1, Author Name: Kamal Perera, Likes: 5
Author ID: 2, Author Name: Saman Perera, Likes: 3
2024-05-21T10:48:00.755Z [info]: Author Like Count Report:
Author ID: 1, Author Name: Kamal Perera, Likes: 5
Author ID: 2, Author Name: Saman Perera, Likes: 3
2024-05-21T10:49:00.191Z [info]: Author Like Count Report:
Author ID: 1, Author Name: Kamal Perera, Likes: 5
Author ID: 2, Author Name: Saman Perera, Likes: 3
2024-05-21T10:50:00.661Z [info]: Author Like Count Report:
Author ID: 1, Author Name: Kamal Perera, Likes: 5
Author ID: 2, Author Name: Saman Perera, Likes: 3
2024-05-21T10:51:00.427Z [info]: Author Like Count Report:
Author ID: 1, Author Name: Kamal Perera, Likes: 5
Author ID: 2, Author Name: Saman Perera, Likes: 3
2024-05-21T10:52:00.742Z [info]: Author Like Count Report:
Author ID: 1, Author Name: Kamal Perera, Likes: 5
Author ID: 2, Author Name: Saman Perera, Likes: 3
2024-05-21T11:00:00.543Z [info]: Author Like Count Report:
Author ID: 1, Author Name: Kamal Perera, Likes: 5
Author ID: 2, Author Name: Saman Perera, Likes: 3
2024-05-21T11:02:00.518Z [info]: Author Like Count Report:
Author ID: 1, Author Name: Kamal Perera, Likes: 5
Author ID: 2, Author Name: Saman Perera, Likes: 3
2024-05-21T11:03:00.860Z [info]: Author Like Count Report:
Author ID: 1, Author Name: Kamal Perera, Likes: 5
Author ID: 2, Author Name: Saman Perera, Likes: 3
2024-05-21T11:04:00.603Z [info]: Author Like Count Report:
Author ID: 1, Author Name: Kamal Perera, Likes: 5
Author ID: 2, Author Name: Saman Perera, Likes: 3
2024-05-21T11:06:01.011Z [info]: Author Like Count Report:
Author ID: 1, Author Name: Kamal Perera, Likes: 5
Author ID: 2, Author Name: Saman Perera, Likes: 3
2024-05-21T11:07:00.472Z [info]: Author Like Count Report:
Author ID: 1, Author Name: Kamal Perera, Likes: 5
Author ID: 2, Author Name: Saman Perera, Likes: 3
2024-05-21T11:08:00.870Z [info]: Author Like Count Report:
Author ID: 1, Author Name: Kamal Perera, Likes: 5
Author ID: 2, Author Name: Saman Perera, Likes: 3
2024-05-21T11:09:00.349Z [info]: Author Like Count Report:
Author ID: 1, Author Name: Kamal Perera, Likes: 5
Author ID: 2, Author Name: Saman Perera, Likes: 3
2024-05-21T11:10:00.785Z [info]: Author Like Count Report:
Author ID: 1, Author Name: Kamal Perera, Likes: 5
Author ID: 2, Author Name: Saman Perera, Likes: 3
2024-05-21T11:11:00.295Z [info]: Author Like Count Report:
Author ID: 1, Author Name: Kamal Perera, Likes: 5
Author ID: 2, Author Name: Saman Perera, Likes: 3
2024-05-21T11:12:00.738Z [info]: Author Like Count Report:
Author ID: 1, Author Name: Kamal Perera, Likes: 5
Author ID: 2, Author Name: Saman Perera, Likes: 3
2024-05-21T11:13:00.277Z [info]: Author Like Count Report:
Author ID: 1, Author Name: Kamal Perera, Likes: 5
Author ID: 2, Author Name: Saman Perera, Likes: 3
2024-05-21T11:14:00.994Z [info]: Author Like Count Report:
Author ID: 1, Author Name: Kamal Perera, Likes: 5
Author ID: 2, Author Name: Saman Perera, Likes: 3
2024-05-21T11:15:00.350Z [info]: Author Like Count Report:
Author ID: 1, Author Name: Kamal Perera, Likes: 5
Author ID: 2, Author Name: Saman Perera, Likes: 3
2024-05-21T11:16:00.061Z [info]: Author Like Count Report:
Author ID: 1, Author Name: Kamal Perera, Likes: 5
Author ID: 2, Author Name: Saman Perera, Likes: 3
2024-05-21T11:17:00.547Z [info]: Author Like Count Report:
Author ID: 1, Author Name: Kamal Perera, Likes: 5
Author ID: 2, Author Name: Saman Perera, Likes: 3
2024-05-21T11:18:00.034Z [info]: Author Like Count Report:
Author ID: 1, Author Name: Kamal Perera, Likes: 5
Author ID: 2, Author Name: Saman Perera, Likes: 3
